[debug] [2026-01-01T12:22:54.255Z] ----------------------------------------------------------------------
[debug] [2026-01-01T12:22:54.258Z] Command:       C:\Program Files\nodejs\node.exe C:\Users\hc105_btzc4wm\AppData\Roaming\npm\node_modules\firebase-tools\lib\bin\firebase.js init
[debug] [2026-01-01T12:22:54.259Z] CLI Version:   15.1.0
[debug] [2026-01-01T12:22:54.259Z] Platform:      win32
[debug] [2026-01-01T12:22:54.259Z] Node Version:  v24.12.0
[debug] [2026-01-01T12:22:54.259Z] Time:          Thu Jan 01 2026 20:22:54 GMT+0800 (台北標準時間)
[debug] [2026-01-01T12:22:54.260Z] ----------------------------------------------------------------------
[debug] 
[info] 
     ######## #### ########  ######## ########     ###     ######  ########
     ##        ##  ##     ## ##       ##     ##  ##   ##  ##       ##
     ######    ##  ########  ######   ########  #########  ######  ######
     ##        ##  ##    ##  ##       ##     ## ##     ##       ## ##
     ##       #### ##     ## ######## ########  ##     ##  ######  ########

You're about to initialize a Firebase project in this directory:

  D:\Edwin\Bitshield-Studio

[info] 
=== Project Setup
[info] 
[info] First, let's associate this project directory with a Firebase project.
[info] You can create multiple project aliases by running firebase use --add, 
[info] 
[debug] [2026-01-01T12:24:19.007Z] > command requires scopes: ["email","openid","https://www.googleapis.com/auth/cloudplatformprojects.readonly","https://www.googleapis.com/auth/firebase","https://www.googleapis.com/auth/cloud-platform"]
[debug] [2026-01-01T12:24:19.007Z] > authorizing via signed-in user (hc1053203@gmail.com)
[debug] [2026-01-01T12:24:19.008Z] Checked if tokens are valid: true, expires at: 1767273759727
[debug] [2026-01-01T12:24:19.008Z] Checked if tokens are valid: true, expires at: 1767273759727
[debug] [2026-01-01T12:24:19.009Z] >>> [apiv2][query] GET https://firebase.googleapis.com/v1beta1/projects pageSize=100
[debug] [2026-01-01T12:24:19.536Z] <<< [apiv2][status] GET https://firebase.googleapis.com/v1beta1/projects 200
[debug] [2026-01-01T12:24:19.536Z] <<< [apiv2][body] GET https://firebase.googleapis.com/v1beta1/projects [omitted]
[info] 
=== Dataconnect Setup
[info] i  dataconnect: ensuring required API firebasedataconnect.googleapis.com is enabled... 
[debug] [2026-01-01T12:24:24.217Z] Checked if tokens are valid: true, expires at: 1767273759727
[debug] [2026-01-01T12:24:24.217Z] Checked if tokens are valid: true, expires at: 1767273759727
[info] i  dataconnect: ensuring required API sqladmin.googleapis.com is enabled... 
[debug] [2026-01-01T12:24:24.218Z] Checked if tokens are valid: true, expires at: 1767273759727
[debug] [2026-01-01T12:24:24.218Z] Checked if tokens are valid: true, expires at: 1767273759727
[debug] [2026-01-01T12:24:24.219Z] >>> [apiv2][query] GET https://serviceusage.googleapis.com/v1/projects/bitshieldstudio/services/firebasedataconnect.googleapis.com [none]
[debug] [2026-01-01T12:24:24.219Z] >>> [apiv2][(partial)header] GET https://serviceusage.googleapis.com/v1/projects/bitshieldstudio/services/firebasedataconnect.googleapis.com x-goog-quota-user=projects/bitshieldstudio
[debug] [2026-01-01T12:24:24.220Z] >>> [apiv2][query] GET https://serviceusage.googleapis.com/v1/projects/bitshieldstudio/services/sqladmin.googleapis.com [none]
[debug] [2026-01-01T12:24:24.221Z] >>> [apiv2][(partial)header] GET https://serviceusage.googleapis.com/v1/projects/bitshieldstudio/services/sqladmin.googleapis.com x-goog-quota-user=projects/bitshieldstudio
[debug] [2026-01-01T12:24:24.579Z] <<< [apiv2][status] GET https://serviceusage.googleapis.com/v1/projects/bitshieldstudio/services/sqladmin.googleapis.com 200
[debug] [2026-01-01T12:24:24.579Z] <<< [apiv2][body] GET https://serviceusage.googleapis.com/v1/projects/bitshieldstudio/services/sqladmin.googleapis.com [omitted]
[warn] !  dataconnect: missing required API sqladmin.googleapis.com. Enabling now... 
[debug] [2026-01-01T12:24:24.581Z] Checked if tokens are valid: true, expires at: 1767273759727
[debug] [2026-01-01T12:24:24.581Z] Checked if tokens are valid: true, expires at: 1767273759727
[debug] [2026-01-01T12:24:24.581Z] >>> [apiv2][query] POST https://serviceusage.googleapis.com/v1/projects/bitshieldstudio/services/sqladmin.googleapis.com:enable [none]
[debug] [2026-01-01T12:24:24.581Z] >>> [apiv2][(partial)header] POST https://serviceusage.googleapis.com/v1/projects/bitshieldstudio/services/sqladmin.googleapis.com:enable x-goog-quota-user=projects/bitshieldstudio
[debug] [2026-01-01T12:24:25.322Z] <<< [apiv2][status] GET https://serviceusage.googleapis.com/v1/projects/bitshieldstudio/services/firebasedataconnect.googleapis.com 200
[debug] [2026-01-01T12:24:25.322Z] <<< [apiv2][body] GET https://serviceusage.googleapis.com/v1/projects/bitshieldstudio/services/firebasedataconnect.googleapis.com [omitted]
[warn] !  dataconnect: missing required API firebasedataconnect.googleapis.com. Enabling now... 
[debug] [2026-01-01T12:24:25.323Z] Checked if tokens are valid: true, expires at: 1767273759727
[debug] [2026-01-01T12:24:25.323Z] Checked if tokens are valid: true, expires at: 1767273759727
[debug] [2026-01-01T12:24:25.323Z] >>> [apiv2][query] POST https://serviceusage.googleapis.com/v1/projects/bitshieldstudio/services/firebasedataconnect.googleapis.com:enable [none]
[debug] [2026-01-01T12:24:25.323Z] >>> [apiv2][(partial)header] POST https://serviceusage.googleapis.com/v1/projects/bitshieldstudio/services/firebasedataconnect.googleapis.com:enable x-goog-quota-user=projects/bitshieldstudio
[debug] [2026-01-01T12:24:25.642Z] <<< [apiv2][status] POST https://serviceusage.googleapis.com/v1/projects/bitshieldstudio/services/firebasedataconnect.googleapis.com:enable 200
[debug] [2026-01-01T12:24:25.643Z] <<< [apiv2][body] POST https://serviceusage.googleapis.com/v1/projects/bitshieldstudio/services/firebasedataconnect.googleapis.com:enable [omitted]
[debug] [2026-01-01T12:24:25.742Z] <<< [apiv2][status] POST https://serviceusage.googleapis.com/v1/projects/bitshieldstudio/services/sqladmin.googleapis.com:enable 200
[debug] [2026-01-01T12:24:25.742Z] <<< [apiv2][body] POST https://serviceusage.googleapis.com/v1/projects/bitshieldstudio/services/sqladmin.googleapis.com:enable [omitted]
[debug] [2026-01-01T12:24:35.764Z] Checked if tokens are valid: true, expires at: 1767273759727
[debug] [2026-01-01T12:24:35.764Z] Checked if tokens are valid: true, expires at: 1767273759727
[debug] [2026-01-01T12:24:35.765Z] >>> [apiv2][query] GET https://firebasedataconnect.googleapis.com/v1/projects/bitshieldstudio/locations/-/services [none]
[debug] [2026-01-01T12:24:37.129Z] <<< [apiv2][status] GET https://firebasedataconnect.googleapis.com/v1/projects/bitshieldstudio/locations/-/services 200
[debug] [2026-01-01T12:24:37.129Z] <<< [apiv2][body] GET https://firebasedataconnect.googleapis.com/v1/projects/bitshieldstudio/locations/-/services {}
[info] i  : ensuring required API cloudaicompanion.googleapis.com is enabled... 
[debug] [2026-01-01T12:24:45.140Z] Checked if tokens are valid: true, expires at: 1767273759727
[debug] [2026-01-01T12:24:45.140Z] Checked if tokens are valid: true, expires at: 1767273759727
[debug] [2026-01-01T12:24:45.140Z] >>> [apiv2][query] GET https://serviceusage.googleapis.com/v1/projects/bitshieldstudio/services/cloudaicompanion.googleapis.com [none]
[debug] [2026-01-01T12:24:45.140Z] >>> [apiv2][(partial)header] GET https://serviceusage.googleapis.com/v1/projects/bitshieldstudio/services/cloudaicompanion.googleapis.com x-goog-quota-user=projects/bitshieldstudio
[debug] [2026-01-01T12:24:46.234Z] <<< [apiv2][status] GET https://serviceusage.googleapis.com/v1/projects/bitshieldstudio/services/cloudaicompanion.googleapis.com 200
[debug] [2026-01-01T12:24:46.234Z] <<< [apiv2][body] GET https://serviceusage.googleapis.com/v1/projects/bitshieldstudio/services/cloudaicompanion.googleapis.com [omitted]
[info] +  : required API cloudaicompanion.googleapis.com is enabled 
[debug] [2026-01-01T12:24:51.493Z] ExitPromptError: User force closed the prompt with SIGINT
    at Interface.sigint (C:\Users\hc105_btzc4wm\AppData\Roaming\npm\node_modules\firebase-tools\node_modules\@inquirer\core\dist\commonjs\lib\create-prompt.js:101:37)
    at Interface.emit (node:events:508:28)
    at [_ttyWrite] [as _ttyWrite] (node:internal/readline/interface:1327:18)
    at ReadStream.onkeypress (node:internal/readline/interface:284:20)
    at ReadStream.emit (node:events:520:35)
    at emitKeys (node:internal/readline/utils:371:14)
    at emitKeys.next (<anonymous>)
    at ReadStream.onData (node:internal/readline/emitKeypressEvents:64:36)
    at ReadStream.emit (node:events:508:28)
    at addChunk (node:internal/streams/readable:559:12)
[error] 
[error] Error: An unexpected error has occurred.
